0 info it worked if it ends with ok
1 verbose cli [ 'C:\\Program Files\\nodejs\\node.exe',
1 verbose cli   'C:\\Users\\ws185067\\AppData\\Roaming\\npm\\node_modules\\npm\\bin\\npm-cli.js',
1 verbose cli   'run',
1 verbose cli   'test' ]
2 info using npm@3.6.0
3 info using node@v4.1.1
4 verbose run-script [ 'pretest', 'test', 'posttest' ]
5 info lifecycle voting-client@1.0.0~pretest: voting-client@1.0.0
6 silly lifecycle voting-client@1.0.0~pretest: no script for pretest, continuing
7 info lifecycle voting-client@1.0.0~test: voting-client@1.0.0
8 verbose lifecycle voting-client@1.0.0~test: unsafe-perm in lifecycle true
9 verbose lifecycle voting-client@1.0.0~test: PATH: C:\Users\ws185067\AppData\Roaming\npm\node_modules\npm\bin\node-gyp-bin;C:\GitRepo\voting-client\node_modules\.bin;%SystemRoot%\system32\WindowsPowerShell\v1.0\;C:\Python27\python.exe;C:\Python27\Scripts;C:\windows\system32;C:\windows;C:\windows\System32\Wbem;C:\windows\System32\WindowsPowerShell\v1.0\;C:\Program Files (x86)\Enterprise Vault\EVClient\;C:\Program Files (x86)\Microsoft ASP.NET\ASP.NET Web Pages\v1.0\;C:\Program Files\Microsoft SQL Server\110\Tools\Binn\;C:\Program Files\Microsoft SQL Server\110\DTS\Binn\;C:\Program Files (x86)\Microsoft SQL Server\110\Tools\Binn\;C:\Program Files (x86)\Microsoft SQL Server\110\Tools\Binn\ManagementStudio\;C:\Program Files (x86)\Microsoft Visual Studio 10.0\Common7\IDE\PrivateAssemblies\;C:\Program Files (x86)\Microsoft SQL Server\110\DTS\Binn\;C:\Program Files\Microsoft SQL Server\Client SDK\ODBC\110\Tools\Binn\;C:\Program Files (x86)\Microsoft SQL Server\120\Tools\Binn\ManagementStudio\;C:\Program Files (x86)\Microsoft SQL Server\120\Tools\Binn\;C:\Program Files\Microsoft SQL Server\120\Tools\Binn\;C:\Program Files (x86)\Microsoft SQL Server\120\DTS\Binn\;C:\Program Files\Microsoft SQL Server\120\DTS\Binn\;C:\Program Files\1E\NomadBranch\;C:\Program Files (x86)\Windows Kits\8.1\Windows Performance Toolkit\;C:\Program Files (x86)\Microsoft SDKs\TypeScript\1.0\;C:\NewTrunk\Web\Services\bin;C:\Program Files\Microsoft\Web Platform Installer\;C:\Program Files (x86)\MSBuild\12.0\Bin;C:\Program Files (x86)\Microsoft Team Foundation Server 2015 Power Tools\;C:\Program Files (x86)\Microsoft Visual Studio 12.0\Common7\IDE;C:\opscode\chefdk\bin;C:\Program Files\nodejs\;%USERPROFILE%\.dnx\bin;C:\Program Files\Microsoft DNX\Dnvm\;C:\Program Files (x86)\AMD\ATI.ACE\Core-Static;C:\Users\ws185067\AppData\Roaming\npm;C:\Users\ws185067\AppData\Local\atom\bin
10 verbose lifecycle voting-client@1.0.0~test: CWD: C:\GitRepo\voting-client
11 silly lifecycle voting-client@1.0.0~test: Args: [ '/d /s /c',
11 silly lifecycle   'mocha --compilers js:babel-core/register --require ./test/test_helper.js \'test/**/*.@(js|jsx)\'' ]
12 silly lifecycle voting-client@1.0.0~test: Returned: code: 255  signal: null
13 info lifecycle voting-client@1.0.0~test: Failed to exec test script
14 verbose stack Error: voting-client@1.0.0 test: `mocha --compilers js:babel-core/register --require ./test/test_helper.js 'test/**/*.@(js|jsx)'`
14 verbose stack Exit status 255
14 verbose stack     at EventEmitter.<anonymous> (C:\Users\ws185067\AppData\Roaming\npm\node_modules\npm\lib\utils\lifecycle.js:232:16)
14 verbose stack     at emitTwo (events.js:87:13)
14 verbose stack     at EventEmitter.emit (events.js:172:7)
14 verbose stack     at ChildProcess.<anonymous> (C:\Users\ws185067\AppData\Roaming\npm\node_modules\npm\lib\utils\spawn.js:24:14)
14 verbose stack     at emitTwo (events.js:87:13)
14 verbose stack     at ChildProcess.emit (events.js:172:7)
14 verbose stack     at maybeClose (internal/child_process.js:817:16)
14 verbose stack     at Process.ChildProcess._handle.onexit (internal/child_process.js:211:5)
15 verbose pkgid voting-client@1.0.0
16 verbose cwd C:\GitRepo\voting-client
17 error Windows_NT 6.1.7601
18 error argv "C:\\Program Files\\nodejs\\node.exe" "C:\\Users\\ws185067\\AppData\\Roaming\\npm\\node_modules\\npm\\bin\\npm-cli.js" "run" "test"
19 error node v4.1.1
20 error npm  v3.6.0
21 error code ELIFECYCLE
22 error voting-client@1.0.0 test: `mocha --compilers js:babel-core/register --require ./test/test_helper.js 'test/**/*.@(js|jsx)'`
22 error Exit status 255
23 error Failed at the voting-client@1.0.0 test script 'mocha --compilers js:babel-core/register --require ./test/test_helper.js 'test/**/*.@(js|jsx)''.
23 error Make sure you have the latest version of node.js and npm installed.
23 error If you do, this is most likely a problem with the voting-client package,
23 error not with npm itself.
23 error Tell the author that this fails on your system:
23 error     mocha --compilers js:babel-core/register --require ./test/test_helper.js 'test/**/*.@(js|jsx)'
23 error You can get information on how to open an issue for this project with:
23 error     npm bugs voting-client
23 error Or if that isn't available, you can get their info via:
23 error     npm owner ls voting-client
23 error There is likely additional logging output above.
24 verbose exit [ 1, true ]
